#
# There is insufficient memory for the Java Runtime Environment to continue.
# Native memory allocation (mmap) failed to map 419430400 bytes for G1 virtual space
# Possible reasons:
#   The system is out of physical RAM or swap space
#   The process is running with CompressedOops enabled, and the Java Heap may be blocking the growth of the native heap
# Possible solutions:
#   Reduce memory load on the system
#   Increase physical memory or swap space
#   Check if swap backing store is full
#   Decrease Java heap size (-Xmx/-Xms)
#   Decrease number of Java threads
#   Decrease Java thread stack sizes (-Xss)
#   Set larger code cache with -XX:ReservedCodeCacheSize=
#   JVM is running with Unscaled Compressed Oops mode in which the Java heap is
#     placed in the first 4GB address space. The Java Heap base address is the
#     maximum limit for the native heap growth. Please use -XX:HeapBaseMinAddress
#     to set the Java Heap base and to place the Java Heap above 4GB virtual address.
# This output file may be truncated or incomplete.
#
#  Out of Memory Error (os_windows.cpp:3466), pid=3676, tid=22200
#
# JRE version: OpenJDK Runtime Environment (16.0.2+7) (build 16.0.2+7-67)
# Java VM: OpenJDK 64-Bit Server VM (16.0.2+7-67, mixed mode, tiered, compressed oops, compressed class ptrs, g1 gc, windows-amd64)
# No core dump will be written. Minidumps are not enabled by default on client versions of Windows
#

---------------  S U M M A R Y ------------

Command Line: -Dcom.sun.management.jmxremote -Dcom.sun.management.jmxremote.port=57970 -Dcom.sun.management.jmxremote.authenticate=false -Dcom.sun.management.jmxremote.ssl=false -Djava.rmi.server.hostname=localhost -Dspring.jmx.enabled=true -Dspring.application.admin.enabled=true -XX:TieredStopAtLevel=1 -Dspring.boot.project.name=api-rest-spring -Dfile.encoding=UTF-8 -XX:+ShowCodeDetailsInExceptionMessages com.formacionspring.app.apirest.ApiRestSpringApplication

Host: Intel(R) Core(TM) i5-6200U CPU @ 2.30GHz, 4 cores, 7G,  Windows 10 , 64 bit Build 19041 (10.0.19041.1466)
Time: Thu Feb 10 13:23:47 2022 Hora estándar romance elapsed time: 5888.493636 seconds (0d 1h 38m 8s)

---------------  T H R E A D  ---------------

Current thread (0x00000247b45a1820):  VMThread "VM Thread" [stack: 0x000000947b200000,0x000000947b300000] [id=22200]

Stack: [0x000000947b200000,0x000000947b300000]
Native frames: (J=compiled Java code, j=interpreted, Vv=VM code, C=native code)
V  [jvm.dll+0x6681ca]
V  [jvm.dll+0x7c9e69]
V  [jvm.dll+0x7cb61e]
V  [jvm.dll+0x7cbc73]
V  [jvm.dll+0x242c55]
V  [jvm.dll+0x664f89]
V  [jvm.dll+0x659b75]
V  [jvm.dll+0x2fbfbb]
V  [jvm.dll+0x3031b6]
V  [jvm.dll+0x35299e]
V  [jvm.dll+0x352bcf]
V  [jvm.dll+0x2d3028]
V  [jvm.dll+0x2d0bb5]
V  [jvm.dll+0x2d01ec]
V  [jvm.dll+0x3152d2]
V  [jvm.dll+0x7d00ab]
V  [jvm.dll+0x7d0da4]
V  [jvm.dll+0x7d12a9]
V  [jvm.dll+0x7d1564]
V  [jvm.dll+0x7d1630]
V  [jvm.dll+0x7795aa]
V  [jvm.dll+0x667066]
C  [ucrtbase.dll+0x21bb2]
C  [KERNEL32.DLL+0x17034]
C  [ntdll.dll+0x52651]

VM_Operation (0x000000947b9fdf70): G1CollectForAllocation, mode: safepoint, requested by thread 0x00000247b45ee890


---------------  P R O C E S S  ---------------

Threads class SMR info:
_java_thread_list=0x00000247ba26a580, length=24, elements={
0x00000247b45b7410, 0x00000247b45b8c00, 0x00000247b45ec2a0, 0x00000247b45eccb0,
0x00000247b45ed5c0, 0x00000247b45eded0, 0x00000247b45ee890, 0x00000247b502c760,
0x00000247b5082030, 0x00000247b51a0930, 0x00000247b5669150, 0x00000247b5638b20,
0x00000247b5639340, 0x00000247b5a0cc70, 0x00000247b5a23d20, 0x00000247b5b174d0,
0x00000247b5b154f0, 0x00000247b9e315c0, 0x00000247b9e34590, 0x00000247b9e37010,
0x00000247b9e35580, 0x00000247b9e35ad0, 0x00000247b9e36020, 0x00000247b9e33af0
}

Java Threads: ( => current thread )
  0x00000247b45b7410 JavaThread "Reference Handler" daemon [_thread_blocked, id=16732, stack(0x000000947b300000,0x000000947b400000)]
  0x00000247b45b8c00 JavaThread "Finalizer" daemon [_thread_blocked, id=18436, stack(0x000000947b400000,0x000000947b500000)]
  0x00000247b45ec2a0 JavaThread "Signal Dispatcher" daemon [_thread_blocked, id=13524, stack(0x000000947b500000,0x000000947b600000)]
  0x00000247b45eccb0 JavaThread "Attach Listener" daemon [_thread_blocked, id=16728, stack(0x000000947b600000,0x000000947b700000)]
  0x00000247b45ed5c0 JavaThread "Service Thread" daemon [_thread_blocked, id=13888, stack(0x000000947b700000,0x000000947b800000)]
  0x00000247b45eded0 JavaThread "Monitor Deflation Thread" daemon [_thread_blocked, id=3428, stack(0x000000947b800000,0x000000947b900000)]
  0x00000247b45ee890 JavaThread "C1 CompilerThread0" daemon [_thread_blocked, id=16568, stack(0x000000947b900000,0x000000947ba00000)]
  0x00000247b502c760 JavaThread "Sweeper thread" daemon [_thread_blocked, id=8960, stack(0x000000947ba00000,0x000000947bb00000)]
  0x00000247b5082030 JavaThread "Common-Cleaner" daemon [_thread_blocked, id=4000, stack(0x000000947bb00000,0x000000947bc00000)]
  0x00000247b51a0930 JavaThread "Notification Thread" daemon [_thread_blocked, id=14436, stack(0x000000947bc00000,0x000000947bd00000)]
  0x00000247b5669150 JavaThread "RMI TCP Accept-0" daemon [_thread_blocked, id=4364, stack(0x000000947bd00000,0x000000947be00000)]
  0x00000247b5638b20 JavaThread "RMI TCP Accept-57970" daemon [_thread_in_native, id=22396, stack(0x000000947be00000,0x000000947bf00000)]
  0x00000247b5639340 JavaThread "RMI TCP Accept-0" daemon [_thread_in_native, id=6172, stack(0x000000947bf00000,0x000000947c000000)]
  0x00000247b5a0cc70 JavaThread "RMI Scheduler(0)" daemon [_thread_blocked, id=11056, stack(0x000000947c700000,0x000000947c800000)]
  0x00000247b5a23d20 JavaThread "JMX server connection timeout 21" daemon [_thread_blocked, id=15424, stack(0x000000947c900000,0x000000947ca00000)]
  0x00000247b5b174d0 JavaThread "mysql-cj-abandoned-connection-cleanup" daemon [_thread_blocked, id=18100, stack(0x000000947cf00000,0x000000947d000000)]
  0x00000247b5b154f0 JavaThread "Live Reload Server" daemon [_thread_in_native, id=12356, stack(0x000000947d500000,0x000000947d600000)]
  0x00000247b9e315c0 JavaThread "DestroyJavaVM" [_thread_blocked, id=2664, stack(0x000000947ac00000,0x000000947ad00000)]
  0x00000247b9e34590 JavaThread "RMI TCP Connection(idle)" daemon [_thread_blocked, id=14448, stack(0x000000947d700000,0x000000947d800000)]
  0x00000247b9e37010 JavaThread "Thread-31" [_thread_blocked, id=12664, stack(0x000000947c600000,0x000000947c700000)]
  0x00000247b9e35580 JavaThread "restartedMain" [_thread_blocked, id=4320, stack(0x000000947aa00000,0x000000947ab00000)]
  0x00000247b9e35ad0 JavaThread "Catalina-utility-1" [_thread_blocked, id=19036, stack(0x000000947a900000,0x000000947aa00000)]
  0x00000247b9e36020 JavaThread "Catalina-utility-2" [_thread_blocked, id=13500, stack(0x000000947ab00000,0x000000947ac00000)]
  0x00000247b9e33af0 JavaThread "container-0" [_thread_blocked, id=20044, stack(0x000000947c800000,0x000000947c900000)]

Other Threads:
=>0x00000247b45a1820 VMThread "VM Thread" [stack: 0x000000947b200000,0x000000947b300000] [id=22200]
  0x00000247b56761d0 WatcherThread [stack: 0x000000947c000000,0x000000947c100000] [id=10848]
  0x0000024799154e70 GCTaskThread "GC Thread#0" [stack: 0x000000947ad00000,0x000000947ae00000] [id=9804]
  0x00000247b5703f50 GCTaskThread "GC Thread#1" [stack: 0x000000947c100000,0x000000947c200000] [id=18064]
  0x00000247b5719f50 GCTaskThread "GC Thread#2" [stack: 0x000000947c200000,0x000000947c300000] [id=14380]
  0x00000247b57b09c0 GCTaskThread "GC Thread#3" [stack: 0x000000947c300000,0x000000947c400000] [id=7924]
  0x0000024799166e90 ConcurrentGCThread "G1 Main Marker" [stack: 0x000000947ae00000,0x000000947af00000] [id=10316]
  0x0000024799168170 ConcurrentGCThread "G1 Conc#0" [stack: 0x000000947af00000,0x000000947b000000] [id=1420]
  0x00000247991de380 ConcurrentGCThread "G1 Refine#0" [stack: 0x000000947b000000,0x000000947b100000] [id=10692]
  0x00000247b571aa80 ConcurrentGCThread "G1 Refine#1" [stack: 0x000000947c400000,0x000000947c500000] [id=18324]
  0x00000247b571adc0 ConcurrentGCThread "G1 Refine#2" [stack: 0x000000947c500000,0x000000947c600000] [id=21224]
  0x00000247991e2550 ConcurrentGCThread "G1 Service" [stack: 0x000000947b100000,0x000000947b200000] [id=8764]

Threads with active compile tasks:
C1 CompilerThread0  5890805 8146       1       java.util.regex.Pattern::range (294 bytes)

VM state: at safepoint (normal execution)

VM Mutex/Monitor currently owned by a thread:  ([mutex/lock_event])
[0x0000024799112a70] Threads_lock - owner thread: 0x00000247b45a1820
[0x0000024799113130] Heap_lock - owner thread: 0x00000247b45ee890

Heap address: 0x0000000082200000, size: 2014 MB, Compressed Oops mode: 32-bit

CDS disabled.
Compressed class space mapped at: 0x0000000100000000-0x0000000140000000, reserved size: 1073741824
Narrow klass base: 0x0000000000000000, Narrow klass shift: 3, Narrow klass range: 0x140000000

GC Precious Log:
 CPUs: 4 total, 4 available
 Memory: 8051M
 Large Page Support: Disabled
 NUMA Support: Disabled
 Compressed Oops: Enabled (32-bit)
 Heap Region Size: 1M
 Heap Min Capacity: 8M
 Heap Initial Capacity: 126M
 Heap Max Capacity: 2014M
 Pre-touch: Disabled
 Parallel Workers: 4
 Concurrent Workers: 1
 Concurrent Refinement Workers: 4
 Periodic GC: Disabled

Heap:
 garbage-first heap   total 204800K, used 25039K [0x0000000082200000, 0x0000000100000000)
  region size 1024K, 1 young (1024K), 1 survivors (1024K)
 Metaspace       used 65544K, committed 66304K, reserved 1114112K
  class space    used 8652K, committed 8960K, reserved 1048576K

Heap Regions: E=young(eden), S=young(survivor), O=old, HS=humongous(starts), HC=humongous(continues), CS=collection set, F=free, OA=open archive, CA=closed archive, TAMS=top-at-mark-start (previous, next)
|   0|0x0000000082200000, 0x0000000082300000, 0x0000000082300000|100%|HS|  |TAMS 0x0000000082300000, 0x0000000082200000| Untracked 
|   1|0x0000000082300000, 0x0000000082400000, 0x0000000082400000|100%| O|  |TAMS 0x0000000082300000, 0x0000000082300000| Untracked 
|   2|0x0000000082400000, 0x00000000824ffff0, 0x0000000082500000| 99%| O|  |TAMS 0x0000000082400000, 0x0000000082400000| Untracked 
|   3|0x0000000082500000, 0x00000000825ffff8, 0x0000000082600000| 99%| O|  |TAMS 0x0000000082500000, 0x0000000082500000| Untracked 
|   4|0x0000000082600000, 0x00000000826ffff8, 0x0000000082700000| 99%| O|  |TAMS 0x0000000082600000, 0x0000000082600000| Untracked 
|   5|0x0000000082700000, 0x00000000827ffff8, 0x0000000082800000| 99%| O|  |TAMS 0x0000000082700000, 0x0000000082700000| Untracked 
|   6|0x0000000082800000, 0x00000000828fffe0, 0x0000000082900000| 99%| O|  |TAMS 0x0000000082800000, 0x0000000082800000| Untracked 
|   7|0x0000000082900000, 0x00000000829ffff0, 0x0000000082a00000| 99%| O|  |TAMS 0x0000000082900000, 0x0000000082900000| Untracked 
|   8|0x0000000082a00000, 0x0000000082b00000, 0x0000000082b00000|100%| O|  |TAMS 0x0000000082a00000, 0x0000000082a00000| Untracked 
|   9|0x0000000082b00000, 0x0000000082c00000, 0x0000000082c00000|100%| O|  |TAMS 0x0000000082b00000, 0x0000000082b00000| Untracked 
|  10|0x0000000082c00000, 0x0000000082d00000, 0x0000000082d00000|100%| O|  |TAMS 0x0000000082c00000, 0x0000000082c00000| Untracked 
|  11|0x0000000082d00000, 0x0000000082dffff8, 0x0000000082e00000| 99%| O|  |TAMS 0x0000000082d00000, 0x0000000082d00000| Untracked 
|  12|0x0000000082e00000, 0x0000000082efffc8, 0x0000000082f00000| 99%| O|  |TAMS 0x0000000082e00000, 0x0000000082e00000| Untracked 
|  13|0x0000000082f00000, 0x0000000082ff4ec0, 0x0000000083000000| 95%| O|  |TAMS 0x0000000082f00000, 0x0000000082f00000| Untracked 
|  14|0x0000000083000000, 0x00000000830f75e8, 0x0000000083100000| 96%| O|  |TAMS 0x0000000083000000, 0x0000000083000000| Untracked 
|  15|0x0000000083100000, 0x00000000831fff80, 0x0000000083200000| 99%| O|  |TAMS 0x0000000083100000, 0x0000000083100000| Untracked 
|  16|0x0000000083200000, 0x00000000832fffd0, 0x0000000083300000| 99%| O|  |TAMS 0x0000000083200000, 0x0000000083200000| Untracked 
|  17|0x0000000083300000, 0x00000000833ffff0, 0x0000000083400000| 99%| O|  |TAMS 0x0000000083300000, 0x0000000083300000| Untracked 
|  18|0x0000000083400000, 0x00000000834fffe8, 0x0000000083500000| 99%| O|  |TAMS 0x0000000083400000, 0x0000000083400000| Untracked 
|  19|0x0000000083500000, 0x00000000835fffb8, 0x0000000083600000| 99%| O|  |TAMS 0x0000000083500000, 0x0000000083500000| Untracked 
|  20|0x0000000083600000, 0x00000000836ffff0, 0x0000000083700000| 99%| O|  |TAMS 0x0000000083600000, 0x0000000083600000| Untracked 
|  21|0x0000000083700000, 0x000000008378b490, 0x0000000083800000| 54%| O|  |TAMS 0x0000000083700000, 0x0000000083700000| Untracked 
|  22|0x0000000083800000, 0x0000000083800800, 0x0000000083900000|  0%| O|  |TAMS 0x0000000083800000, 0x0000000083800000| Untracked 
|  23|0x0000000083900000, 0x000000008390c078, 0x0000000083a00000|  4%| O|  |TAMS 0x0000000083900000, 0x0000000083900000| Untracked 
|  24|0x0000000083a00000, 0x0000000083b00000, 0x0000000083b00000|100%| O|  |TAMS 0x0000000083a00000, 0x0000000083a00000| Untracked 
|  25|0x0000000083b00000, 0x0000000083bff200, 0x0000000083c00000| 99%| O|  |TAMS 0x0000000083b00000, 0x0000000083b00000| Untracked 
|  26|0x0000000083c00000, 0x0000000083c00000, 0x0000000083d00000|  0%| F|  |TAMS 0x0000000083c00000, 0x0000000083c00000| Untracked 
|  27|0x0000000083d00000, 0x0000000083d00000, 0x0000000083e00000|  0%| F|  |TAMS 0x0000000083d00000, 0x0000000083d00000| Untracked 
|  28|0x0000000083e00000, 0x0000000083e00000, 0x0000000083f00000|  0%| F|  |TAMS 0x0000000083e00000, 0x0000000083e00000| Untracked 
|  29|0x0000000083f00000, 0x0000000083f00000, 0x0000000084000000|  0%| F|  |TAMS 0x0000000083f00000, 0x0000000083f00000| Untracked 
|  30|0x0000000084000000, 0x0000000084000000, 0x0000000084100000|  0%| F|  |TAMS 0x0000000084000000, 0x0000000084000000| Untracked 
|  31|0x0000000084100000, 0x0000000084100000, 0x0000000084200000|  0%| F|  |TAMS 0x0000000084100000, 0x0000000084100000| Untracked 
|  32|0x0000000084200000, 0x0000000084200000, 0x0000000084300000|  0%| F|  |TAMS 0x0000000084200000, 0x0000000084200000| Untracked 
|  33|0x0000000084300000, 0x0000000084300000, 0x0000000084400000|  0%| F|  |TAMS 0x0000000084300000, 0x0000000084300000| Untracked 
|  34|0x0000000084400000, 0x0000000084400000, 0x0000000084500000|  0%| F|  |TAMS 0x0000000084400000, 0x0000000084400000| Untracked 
|  35|0x0000000084500000, 0x0000000084500000, 0x0000000084600000|  0%| F|  |TAMS 0x0000000084500000, 0x0000000084500000| Untracked 
|  36|0x0000000084600000, 0x0000000084600000, 0x0000000084700000|  0%| F|  |TAMS 0x0000000084600000, 0x0000000084600000| Untracked 
|  37|0x0000000084700000, 0x0000000084700000, 0x0000000084800000|  0%| F|  |TAMS 0x0000000084700000, 0x0000000084700000| Untracked 
|  38|0x0000000084800000, 0x0000000084800000, 0x0000000084900000|  0%| F|  |TAMS 0x0000000084800000, 0x0000000084800000| Untracked 
|  39|0x0000000084900000, 0x0000000084900000, 0x0000000084a00000|  0%| F|  |TAMS 0x0000000084900000, 0x0000000084900000| Untracked 
|  40|0x0000000084a00000, 0x0000000084a00000, 0x0000000084b00000|  0%| F|  |TAMS 0x0000000084a00000, 0x0000000084a00000| Untracked 
|  41|0x0000000084b00000, 0x0000000084b00000, 0x0000000084c00000|  0%| F|  |TAMS 0x0000000084b00000, 0x0000000084b00000| Untracked 
|  42|0x0000000084c00000, 0x0000000084c00000, 0x0000000084d00000|  0%| F|  |TAMS 0x0000000084c00000, 0x0000000084c00000| Untracked 
|  43|0x0000000084d00000, 0x0000000084d00000, 0x0000000084e00000|  0%| F|  |TAMS 0x0000000084d00000, 0x0000000084d00000| Untracked 
|  44|0x0000000084e00000, 0x0000000084e00000, 0x0000000084f00000|  0%| F|  |TAMS 0x0000000084e00000, 0x0000000084e00000| Untracked 
|  45|0x0000000084f00000, 0x0000000084f00000, 0x0000000085000000|  0%| F|  |TAMS 0x0000000084f00000, 0x0000000084f00000| Untracked 
|  46|0x0000000085000000, 0x0000000085000000, 0x0000000085100000|  0%| F|  |TAMS 0x0000000085000000, 0x0000000085000000| Untracked 
|  47|0x0000000085100000, 0x0000000085100000, 0x0000000085200000|  0%| F|  |TAMS 0x0000000085100000, 0x0000000085100000| Untracked 
|  48|0x0000000085200000, 0x0000000085200000, 0x0000000085300000|  0%| F|  |TAMS 0x0000000085200000, 0x0000000085200000| Untracked 
|  49|0x0000000085300000, 0x0000000085300000, 0x0000000085400000|  0%| F|  |TAMS 0x0000000085300000, 0x0000000085300000| Untracked 
|  50|0x0000000085400000, 0x0000000085400000, 0x0000000085500000|  0%| F|  |TAMS 0x0000000085400000, 0x0000000085400000| Untracked 
|  51|0x0000000085500000, 0x0000000085500000, 0x0000000085600000|  0%| F|  |TAMS 0x0000000085500000, 0x0000000085500000| Untracked 
|  52|0x0000000085600000, 0x0000000085600000, 0x0000000085700000|  0%| F|  |TAMS 0x0000000085600000, 0x0000000085600000| Untracked 
|  53|0x0000000085700000, 0x0000000085700000, 0x0000000085800000|  0%| F|  |TAMS 0x0000000085700000, 0x0000000085700000| Untracked 
|  54|0x0000000085800000, 0x0000000085800000, 0x0000000085900000|  0%| F|  |TAMS 0x0000000085800000, 0x0000000085800000| Untracked 
|  55|0x0000000085900000, 0x0000000085900000, 0x0000000085a00000|  0%| F|  |TAMS 0x0000000085900000, 0x0000000085900000| Untracked 
|  56|0x0000000085a00000, 0x0000000085a00000, 0x0000000085b00000|  0%| F|  |TAMS 0x0000000085a00000, 0x0000000085a00000| Untracked 
|  57|0x0000000085b00000, 0x0000000085b00000, 0x0000000085c00000|  0%| F|  |TAMS 0x0000000085b00000, 0x0000000085b00000| Untracked 
|  58|0x0000000085c00000, 0x0000000085c00000, 0x0000000085d00000|  0%| F|  |TAMS 0x0000000085c00000, 0x0000000085c00000| Untracked 
|  59|0x0000000085d00000, 0x0000000085d00000, 0x0000000085e00000|  0%| F|  |TAMS 0x0000000085d00000, 0x0000000085d00000| Untracked 
|  60|0x0000000085e00000, 0x0000000085e00000, 0x0000000085f00000|  0%| F|  |TAMS 0x0000000085e00000, 0x0000000085e00000| Untracked 
|  61|0x0000000085f00000, 0x0000000085f00000, 0x0000000086000000|  0%| F|  |TAMS 0x0000000085f00000, 0x0000000085f00000| Untracked 
|  62|0x0000000086000000, 0x0000000086000000, 0x0000000086100000|  0%| F|  |TAMS 0x0000000086000000, 0x0000000086000000| Untracked 
|  63|0x0000000086100000, 0x0000000086100000, 0x0000000086200000|  0%| F|  |TAMS 0x0000000086100000, 0x0000000086100000| Untracked 
|  64|0x0000000086200000, 0x0000000086200000, 0x0000000086300000|  0%| F|  |TAMS 0x0000000086200000, 0x0000000086200000| Untracked 
|  65|0x0000000086300000, 0x0000000086300000, 0x0000000086400000|  0%| F|  |TAMS 0x0000000086300000, 0x0000000086300000| Untracked 
|  66|0x0000000086400000, 0x0000000086400000, 0x0000000086500000|  0%| F|  |TAMS 0x0000000086400000, 0x0000000086400000| Untracked 
|  67|0x0000000086500000, 0x0000000086500000, 0x0000000086600000|  0%| F|  |TAMS 0x0000000086500000, 0x0000000086500000| Untracked 
|  68|0x0000000086600000, 0x0000000086600000, 0x0000000086700000|  0%| F|  |TAMS 0x0000000086600000, 0x0000000086600000| Untracked 
|  69|0x0000000086700000, 0x0000000086700000, 0x0000000086800000|  0%| F|  |TAMS 0x0000000086700000, 0x0000000086700000| Untracked 
|  70|0x0000000086800000, 0x0000000086800000, 0x0000000086900000|  0%| F|  |TAMS 0x0000000086800000, 0x0000000086800000| Untracked 
|  71|0x0000000086900000, 0x0000000086900000, 0x0000000086a00000|  0%| F|  |TAMS 0x0000000086900000, 0x0000000086900000| Untracked 
|  72|0x0000000086a00000, 0x0000000086a00000, 0x0000000086b00000|  0%| F|  |TAMS 0x0000000086a00000, 0x0000000086a00000| Untracked 
|  73|0x0000000086b00000, 0x0000000086b00000, 0x0000000086c00000|  0%| F|  |TAMS 0x0000000086b00000, 0x0000000086b00000| Untracked 
|  74|0x0000000086c00000, 0x0000000086c00000, 0x0000000086d00000|  0%| F|  |TAMS 0x0000000086c00000, 0x0000000086c00000| Untracked 
|  75|0x0000000086d00000, 0x0000000086d00000, 0x0000000086e00000|  0%| F|  |TAMS 0x0000000086d00000, 0x0000000086d00000| Untracked 
|  76|0x0000000086e00000, 0x0000000086e00000, 0x0000000086f00000|  0%| F|  |TAMS 0x0000000086e00000, 0x0000000086e00000| Untracked 
|  77|0x0000000086f00000, 0x0000000086f00000, 0x0000000087000000|  0%| F|  |TAMS 0x0000000086f00000, 0x0000000086f00000| Untracked 
|  78|0x0000000087000000, 0x0000000087000000, 0x0000000087100000|  0%| F|  |TAMS 0x0000000087000000, 0x0000000087000000| Untracked 
|  79|0x0000000087100000, 0x0000000087100000, 0x0000000087200000|  0%| F|  |TAMS 0x0000000087100000, 0x0000000087100000| Untracked 
|  80|0x0000000087200000, 0x0000000087200000, 0x0000000087300000|  0%| F|  |TAMS 0x0000000087200000, 0x0000000087200000| Untracked 
|  81|0x0000000087300000, 0x0000000087300000, 0x0000000087400000|  0%| F|  |TAMS 0x0000000087300000, 0x0000000087300000| Untracked 
|  82|0x0000000087400000, 0x0000000087400000, 0x0000000087500000|  0%| F|  |TAMS 0x0000000087400000, 0x0000000087400000| Untracked 
|  83|0x0000000087500000, 0x0000000087500000, 0x0000000087600000|  0%| F|  |TAMS 0x0000000087500000, 0x0000000087500000| Untracked 
|  84|0x0000000087600000, 0x0000000087600000, 0x0000000087700000|  0%| F|  |TAMS 0x0000000087600000, 0x0000000087600000| Untracked 
|  85|0x0000000087700000, 0x0000000087700000, 0x0000000087800000|  0%| F|  |TAMS 0x0000000087700000, 0x0000000087700000| Untracked 
|  86|0x0000000087800000, 0x0000000087800000, 0x0000000087900000|  0%| F|  |TAMS 0x0000000087800000, 0x0000000087800000| Untracked 
|  87|0x0000000087900000, 0x0000000087900000, 0x0000000087a00000|  0%| F|  |TAMS 0x0000000087900000, 0x0000000087900000| Untracked 
|  88|0x0000000087a00000, 0x0000000087a00000, 0x0000000087b00000|  0%| F|  |TAMS 0x0000000087a00000, 0x0000000087a00000| Untracked 
|  89|0x0000000087b00000, 0x0000000087b00000, 0x0000000087c00000|  0%| F|  |TAMS 0x0000000087b00000, 0x0000000087b00000| Untracked 
|  90|0x0000000087c00000, 0x0000000087c00000, 0x0000000087d00000|  0%| F|  |TAMS 0x0000000087c00000, 0x0000000087c00000| Untracked 
|  91|0x0000000087d00000, 0x0000000087d00000, 0x0000000087e00000|  0%| F|  |TAMS 0x0000000087d00000, 0x0000000087d00000| Untracked 
|  92|0x0000000087e00000, 0x0000000087e00000, 0x0000000087f00000|  0%| F|  |TAMS 0x0000000087e00000, 0x0000000087e00000| Untracked 
|  93|0x0000000087f00000, 0x0000000087f00000, 0x0000000088000000|  0%| F|  |TAMS 0x0000000087f00000, 0x0000000087f00000| Untracked 
|  94|0x0000000088000000, 0x0000000088000000, 0x0000000088100000|  0%| F|  |TAMS 0x0000000088000000, 0x0000000088000000| Untracked 
|  95|0x0000000088100000, 0x0000000088100000, 0x0000000088200000|  0%| F|  |TAMS 0x0000000088100000, 0x0000000088100000| Untracked 
|  96|0x0000000088200000, 0x0000000088200000, 0x0000000088300000|  0%| F|  |TAMS 0x0000000088200000, 0x0000000088200000| Untracked 
|  97|0x0000000088300000, 0x0000000088300000, 0x0000000088400000|  0%| F|  |TAMS 0x0000000088300000, 0x0000000088300000| Untracked 
|  98|0x0000000088400000, 0x0000000088400000, 0x0000000088500000|  0%| F|  |TAMS 0x0000000088400000, 0x0000000088400000| Untracked 
|  99|0x0000000088500000, 0x0000000088500000, 0x0000000088600000|  0%| F|  |TAMS 0x0000000088500000, 0x0000000088500000| Untracked 
| 100|0x0000000088600000, 0x0000000088600000, 0x0000000088700000|  0%| F|  |TAMS 0x0000000088600000, 0x0000000088600000| Untracked 
| 101|0x0000000088700000, 0x0000000088700000, 0x0000000088800000|  0%| F|  |TAMS 0x0000000088700000, 0x0000000088700000| Untracked 
| 102|0x0000000088800000, 0x0000000088800000, 0x0000000088900000|  0%| F|  |TAMS 0x0000000088800000, 0x0000000088800000| Untracked 
| 103|0x0000000088900000, 0x0000000088900000, 0x0000000088a00000|  0%| F|  |TAMS 0x0000000088900000, 0x0000000088900000| Untracked 
| 104|0x0000000088a00000, 0x0000000088a00000, 0x0000000088b00000|  0%| F|  |TAMS 0x0000000088a00000, 0x0000000088a00000| Untracked 
| 105|0x0000000088b00000, 0x0000000088b00000, 0x0000000088c00000|  0%| F|  |TAMS 0x0000000088b00000, 0x0000000088b00000| Untracked 
| 106|0x0000000088c00000, 0x0000000088c00000, 0x0000000088d00000|  0%| F|  |TAMS 0x0000000088c00000, 0x0000000088c00000| Untracked 
| 107|0x0000000088d00000, 0x0000000088d00000, 0x0000000088e00000|  0%| F|  |TAMS 0x0000000088d00000, 0x0000000088d00000| Untracked 
| 108|0x0000000088e00000, 0x0000000088e00000, 0x0000000088f00000|  0%| F|  |TAMS 0x0000000088e00000, 0x0000000088e00000| Untracked 
| 109|0x0000000088f00000, 0x0000000088f00000, 0x0000000089000000|  0%| F|  |TAMS 0x0000000088f00000, 0x0000000088f00000| Untracked 
| 110|0x0000000089000000, 0x0000000089000000, 0x0000000089100000|  0%| F|  |TAMS 0x0000000089000000, 0x0000000089000000| Untracked 
| 111|0x0000000089100000, 0x0000000089100000, 0x0000000089200000|  0%| F|  |TAMS 0x0000000089100000, 0x0000000089100000| Untracked 
| 112|0x0000000089200000, 0x0000000089200000, 0x0000000089300000|  0%| F|  |TAMS 0x0000000089200000, 0x0000000089200000| Untracked 
| 113|0x0000000089300000, 0x0000000089300000, 0x0000000089400000|  0%| F|  |TAMS 0x0000000089300000, 0x0000000089300000| Untracked 
| 114|0x0000000089400000, 0x0000000089400000, 0x0000000089500000|  0%| F|  |TAMS 0x0000000089400000, 0x0000000089400000| Untracked 
| 115|0x0000000089500000, 0x0000000089500000, 0x0000000089600000|  0%| F|  |TAMS 0x0000000089500000, 0x0000000089500000| Untracked 
| 116|0x0000000089600000, 0x0000000089600000, 0x0000000089700000|  0%| F|  |TAMS 0x0000000089600000, 0x0000000089600000| Untracked 
| 117|0x0000000089700000, 0x0000000089700000, 0x0000000089800000|  0%| F|  |TAMS 0x0000000089700000, 0x0000000089700000| Untracked 
| 118|0x0000000089800000, 0x0000000089800000, 0x0000000089900000|  0%| F|  |TAMS 0x0000000089800000, 0x0000000089800000| Untracked 
| 119|0x0000000089900000, 0x0000000089900000, 0x0000000089a00000|  0%| F|  |TAMS 0x0000000089900000, 0x0000000089900000| Untracked 
| 120|0x0000000089a00000, 0x0000000089a00000, 0x0000000089b00000|  0%| F|  |TAMS 0x0000000089a00000, 0x0000000089a00000| Untracked 
| 121|0x0000000089b00000, 0x0000000089b00000, 0x0000000089c00000|  0%| F|  |TAMS 0x0000000089b00000, 0x0000000089b00000| Untracked 
| 122|0x0000000089c00000, 0x0000000089c00000, 0x0000000089d00000|  0%| F|  |TAMS 0x0000000089c00000, 0x0000000089c00000| Untracked 
| 123|0x0000000089d00000, 0x0000000089d00000, 0x0000000089e00000|  0%| F|  |TAMS 0x0000000089d00000, 0x0000000089d00000| Untracked 
| 124|0x0000000089e00000, 0x0000000089e00000, 0x0000000089f00000|  0%| F|  |TAMS 0x0000000089e00000, 0x0000000089e00000| Untracked 
| 125|0x0000000089f00000, 0x0000000089f00000, 0x000000008a000000|  0%| F|  |TAMS 0x0000000089f00000, 0x0000000089f00000| Untracked 
| 126|0x000000008a000000, 0x000000008a000000, 0x000000008a100000|  0%| F|  |TAMS 0x000000008a000000, 0x000000008a000000| Untracked 
| 127|0x000000008a100000, 0x000000008a100000, 0x000000008a200000|  0%| F|  |TAMS 0x000000008a100000, 0x000000008a100000| Untracked 
| 128|0x000000008a200000, 0x000000008a200000, 0x000000008a300000|  0%| F|  |TAMS 0x000000008a200000, 0x000000008a200000| Untracked 
| 129|0x000000008a300000, 0x000000008a300000, 0x000000008a400000|  0%| F|  |TAMS 0x000000008a300000, 0x000000008a300000| Untracked 
| 130|0x000000008a400000, 0x000000008a400000, 0x000000008a500000|  0%| F|  |TAMS 0x000000008a400000, 0x000000008a400000| Untracked 
| 131|0x000000008a500000, 0x000000008a500000, 0x000000008a600000|  0%| F|  |TAMS 0x000000008a500000, 0x000000008a500000| Untracked 
| 132|0x000000008a600000, 0x000000008a600000, 0x000000008a700000|  0%| F|  |TAMS 0x000000008a600000, 0x000000008a600000| Untracked 
| 133|0x000000008a700000, 0x000000008a700000, 0x000000008a800000|  0%| F|  |TAMS 0x000000008a700000, 0x000000008a700000| Untracked 
| 134|0x000000008a800000, 0x000000008a800000, 0x000000008a900000|  0%| F|  |TAMS 0x000000008a800000, 0x000000008a800000| Untracked 
| 135|0x000000008a900000, 0x000000008a900000, 0x000000008aa00000|  0%| F|  |TAMS 0x000000008a900000, 0x000000008a900000| Untracked 
| 136|0x000000008aa00000, 0x000000008aa00000, 0x000000008ab00000|  0%| F|  |TAMS 0x000000008aa00000, 0x000000008aa00000| Untracked 
| 137|0x000000008ab00000, 0x000000008ab00000, 0x000000008ac00000|  0%| F|  |TAMS 0x000000008ab00000, 0x000000008ab00000| Untracked 
| 138|0x000000008ac00000, 0x000000008ac00000, 0x000000008ad00000|  0%| F|  |TAMS 0x000000008ac00000, 0x000000008ac00000| Untracked 
| 139|0x000000008ad00000, 0x000000008ad00000, 0x000000008ae00000|  0%| F|  |TAMS 0x000000008ad00000, 0x000000008ad00000| Untracked 
| 140|0x000000008ae00000, 0x000000008ae00000, 0x000000008af00000|  0%| F|  |TAMS 0x000000008ae00000, 0x000000008ae00000| Untracked 
| 141|0x000000008af00000, 0x000000008af00000, 0x000000008b000000|  0%| F|  |TAMS 0x000000008af00000, 0x000000008af00000| Untracked 
| 142|0x000000008b000000, 0x000000008b000000, 0x000000008b100000|  0%| F|  |TAMS 0x000000008b000000, 0x000000008b000000| Untracked 
| 143|0x000000008b100000, 0x000000008b100000, 0x000000008b200000|  0%| F|  |TAMS 0x000000008b100000, 0x000000008b100000| Untracked 
| 144|0x000000008b200000, 0x000000008b200000, 0x000000008b300000|  0%| F|  |TAMS 0x000000008b200000, 0x000000008b200000| Untracked 
| 145|0x000000008b300000, 0x000000008b300000, 0x000000008b400000|  0%| F|  |TAMS 0x000000008b300000, 0x000000008b300000| Untracked 
| 146|0x000000008b400000, 0x000000008b400000, 0x000000008b500000|  0%| F|  |TAMS 0x000000008b400000, 0x000000008b400000| Untracked 
| 147|0x000000008b500000, 0x000000008b500000, 0x000000008b600000|  0%| F|  |TAMS 0x000000008b500000, 0x000000008b500000| Untracked 
| 148|0x000000008b600000, 0x000000008b600000, 0x000000008b700000|  0%| F|  |TAMS 0x000000008b600000, 0x000000008b600000| Untracked 
| 149|0x000000008b700000, 0x000000008b700000, 0x000000008b800000|  0%| F|  |TAMS 0x000000008b700000, 0x000000008b700000| Untracked 
| 150|0x000000008b800000, 0x000000008b800000, 0x000000008b900000|  0%| F|  |TAMS 0x000000008b800000, 0x000000008b800000| Untracked 
| 151|0x000000008b900000, 0x000000008b900000, 0x000000008ba00000|  0%| F|  |TAMS 0x000000008b900000, 0x000000008b900000| Untracked 
| 152|0x000000008ba00000, 0x000000008ba00000, 0x000000008bb00000|  0%| F|  |TAMS 0x000000008ba00000, 0x000000008ba00000| Untracked 
| 153|0x000000008bb00000, 0x000000008bb00000, 0x000000008bc00000|  0%| F|  |TAMS 0x000000008bb00000, 0x000000008bb00000| Untracked 
| 154|0x000000008bc00000, 0x000000008bc00000, 0x000000008bd00000|  0%| F|  |TAMS 0x000000008bc00000, 0x000000008bc00000| Untracked 
| 155|0x000000008bd00000, 0x000000008bd00000, 0x000000008be00000|  0%| F|  |TAMS 0x000000008bd00000, 0x000000008bd00000| Untracked 
| 156|0x000000008be00000, 0x000000008be00000, 0x000000008bf00000|  0%| F|  |TAMS 0x000000008be00000, 0x000000008be00000| Untracked 
| 157|0x000000008bf00000, 0x000000008bf00000, 0x000000008c000000|  0%| F|  |TAMS 0x000000008bf00000, 0x000000008bf00000| Untracked 
| 158|0x000000008c000000, 0x000000008c000000, 0x000000008c100000|  0%| F|  |TAMS 0x000000008c000000, 0x000000008c000000| Untracked 
| 159|0x000000008c100000, 0x000000008c100000, 0x000000008c200000|  0%| F|  |TAMS 0x000000008c100000, 0x000000008c100000| Untracked 
| 160|0x000000008c200000, 0x000000008c200000, 0x000000008c300000|  0%| F|  |TAMS 0x000000008c200000, 0x000000008c200000| Untracked 
| 161|0x000000008c300000, 0x000000008c300000, 0x000000008c400000|  0%| F|  |TAMS 0x000000008c300000, 0x000000008c300000| Untracked 
| 162|0x000000008c400000, 0x000000008c400000, 0x000000008c500000|  0%| F|  |TAMS 0x000000008c400000, 0x000000008c400000| Untracked 
| 163|0x000000008c500000, 0x000000008c500000, 0x000000008c600000|  0%| F|  |TAMS 0x000000008c500000, 0x000000008c500000| Untracked 
| 164|0x000000008c600000, 0x000000008c600000, 0x000000008c700000|  0%| F|  |TAMS 0x000000008c600000, 0x000000008c600000| Untracked 
| 165|0x000000008c700000, 0x000000008c700000, 0x000000008c800000|  0%| F|  |TAMS 0x000000008c700000, 0x000000008c700000| Untracked 
| 166|0x000000008c800000, 0x000000008c800000, 0x000000008c900000|  0%| F|  |TAMS 0x000000008c800000, 0x000000008c800000| Untracked 
| 167|0x000000008c900000, 0x000000008c900000, 0x000000008ca00000|  0%| F|  |TAMS 0x000000008c900000, 0x000000008c900000| Untracked 
| 168|0x000000008ca00000, 0x000000008ca00000, 0x000000008cb00000|  0%| F|  |TAMS 0x000000008ca00000, 0x000000008ca00000| Untracked 
| 169|0x000000008cb00000, 0x000000008cb00000, 0x000000008cc00000|  0%| F|  |TAMS 0x000000008cb00000, 0x000000008cb00000| Untracked 
| 170|0x000000008cc00000, 0x000000008cc00000, 0x000000008cd00000|  0%| F|  |TAMS 0x000000008cc00000, 0x000000008cc00000| Untracked 
| 171|0x000000008cd00000, 0x000000008cd00000, 0x000000008ce00000|  0%| F|  |TAMS 0x000000008cd00000, 0x000000008cd00000| Untracked 
| 172|0x000000008ce00000, 0x000000008ce00000, 0x000000008cf00000|  0%| F|  |TAMS 0x000000008ce00000, 0x000000008ce00000| Untracked 
| 173|0x000000008cf00000, 0x000000008cf00000, 0x000000008d000000|  0%| F|  |TAMS 0x000000008cf00000, 0x000000008cf00000| Untracked 
| 174|0x000000008d000000, 0x000000008d000000, 0x000000008d100000|  0%| F|  |TAMS 0x000000008d000000, 0x000000008d000000| Untracked 
| 175|0x000000008d100000, 0x000000008d100000, 0x000000008d200000|  0%| F|  |TAMS 0x000000008d100000, 0x000000008d100000| Untracked 
| 176|0x000000008d200000, 0x000000008d200000, 0x000000008d300000|  0%| F|  |TAMS 0x000000008d200000, 0x000000008d200000| Untracked 
| 177|0x000000008d300000, 0x000000008d300000, 0x000000008d400000|  0%| F|  |TAMS 0x000000008d300000, 0x000000008d300000| Untracked 
| 178|0x000000008d400000, 0x000000008d400000, 0x000000008d500000|  0%| F|  |TAMS 0x000000008d400000, 0x000000008d400000| Untracked 
| 179|0x000000008d500000, 0x000000008d500000, 0x000000008d600000|  0%| F|  |TAMS 0x000000008d500000, 0x000000008d500000| Untracked 
| 180|0x000000008d600000, 0x000000008d600000, 0x000000008d700000|  0%| F|  |TAMS 0x000000008d600000, 0x000000008d600000| Untracked 
| 181|0x000000008d700000, 0x000000008d700000, 0x000000008d800000|  0%| F|  |TAMS 0x000000008d700000, 0x000000008d700000| Untracked 
| 182|0x000000008d800000, 0x000000008d800000, 0x000000008d900000|  0%| F|  |TAMS 0x000000008d800000, 0x000000008d800000| Untracked 
| 183|0x000000008d900000, 0x000000008d900000, 0x000000008da00000|  0%| F|  |TAMS 0x000000008d900000, 0x000000008d900000| Untracked 
| 184|0x000000008da00000, 0x000000008da00000, 0x000000008db00000|  0%| F|  |TAMS 0x000000008da00000, 0x000000008da00000| Untracked 
| 185|0x000000008db00000, 0x000000008db00000, 0x000000008dc00000|  0%| F|  |TAMS 0x000000008db00000, 0x000000008db00000| Untracked 
| 186|0x000000008dc00000, 0x000000008dc00000, 0x000000008dd00000|  0%| F|  |TAMS 0x000000008dc00000, 0x000000008dc00000| Untracked 
| 187|0x000000008dd00000, 0x000000008dd00000, 0x000000008de00000|  0%| F|  |TAMS 0x000000008dd00000, 0x000000008dd00000| Untracked 
| 188|0x000000008de00000, 0x000000008de00000, 0x000000008df00000|  0%| F|  |TAMS 0x000000008de00000, 0x000000008de00000| Untracked 
| 189|0x000000008df00000, 0x000000008dff0e10, 0x000000008e000000| 94%| S|CS|TAMS 0x000000008df00000, 0x000000008df00000| Complete 
| 190|0x000000008e000000, 0x000000008e000000, 0x000000008e100000|  0%| F|  |TAMS 0x000000008e000000, 0x000000008e000000| Untracked 
| 191|0x000000008e100000, 0x000000008e100000, 0x000000008e200000|  0%| F|  |TAMS 0x000000008e100000, 0x000000008e100000| Untracked 
| 192|0x000000008e200000, 0x000000008e200000, 0x000000008e300000|  0%| F|  |TAMS 0x000000008e200000, 0x000000008e200000| Untracked 
| 193|0x000000008e300000, 0x000000008e300000, 0x000000008e400000|  0%| F|  |TAMS 0x000000008e300000, 0x000000008e300000| Untracked 
| 194|0x000000008e400000, 0x000000008e400000, 0x000000008e500000|  0%| F|  |TAMS 0x000000008e400000, 0x000000008e400000| Untracked 
| 195|0x000000008e500000, 0x000000008e500000, 0x000000008e600000|  0%| F|  |TAMS 0x000000008e500000, 0x000000008e500000| Untracked 
| 196|0x000000008e600000, 0x000000008e600000, 0x000000008e700000|  0%| F|  |TAMS 0x000000008e600000, 0x000000008e600000| Untracked 
| 197|0x000000008e700000, 0x000000008e700000, 0x000000008e800000|  0%| F|  |TAMS 0x000000008e700000, 0x000000008e700000| Untracked 
| 198|0x000000008e800000, 0x000000008e800000, 0x000000008e900000|  0%| F|  |TAMS 0x000000008e800000, 0x000000008e800000| Untracked 
| 199|0x000000008e900000, 0x000000008e900000, 0x000000008ea00000|  0%| F|  |TAMS 0x000000008e900000, 0x000000008e900000| Untracked 

Card table byte_map: [0x00000247ad890000,0x00000247adc80000] _byte_map_base: 0x00000247ad47f000

Marking Bits (Prev, Next): (CMBitMap*) 0x0000024799156880, (CMBitMap*) 0x00000247991568c0
 Prev Bits: [0x00000247ae070000, 0x00000247affe8000)
 Next Bits: [0x00000247afff0000, 0x00000247b1f68000)

Polling page: 0x00000247991f0000

Metaspace:

Usage:
  Non-class:     55.56 MB used.
      Class:      8.45 MB used.
       Both:     64.01 MB used.

Virtual space:
  Non-class space:       64.00 MB reserved,      56.00 MB ( 88%) committed,  8 nodes.
      Class space:        1.00 GB reserved,       8.75 MB ( <1%) committed,  1 nodes.
              Both:        1.06 GB reserved,      64.75 MB (  6%) committed. 

Chunk freelists:
   Non-Class:  4.13 MB
       Class:  3.10 MB
        Both:  7.23 MB

MaxMetaspaceSize: 17179869184.00 GB
CompressedClassSpaceSize: 1.00 GB
 - commit_granule_bytes: 65536.
 - commit_granule_words: 8192.
 - virtual_space_node_default_size: 1048576.
 - enlarge_chunks_in_place: 1.
 - new_chunks_are_fully_committed: 0.
 - uncommit_free_chunks: 1.
 - use_allocation_guard: 0.
 - handle_deallocations: 1.


Internal statistics:

num_allocs_failed_limit: 12.
num_arena_births: 906.
num_arena_deaths: 172.
num_vsnodes_births: 9.
num_vsnodes_deaths: 0.
num_space_committed: 1037.
num_space_uncommitted: 1.
num_chunks_returned_to_freelist: 227.
num_chunks_taken_from_freelist: 3230.
num_chunk_merges: 59.
num_chunk_splits: 2086.
num_chunks_enlarged: 1461.
num_purges: 18.

CodeHeap 'non-profiled nmethods': size=238912Kb used=13279Kb max_used=13279Kb free=225632Kb
 bounds [0x000002479e530000, 0x000002479f230000, 0x00000247ace80000]
CodeHeap 'non-nmethods': size=6848Kb used=1295Kb max_used=1295Kb free=5552Kb
 bounds [0x000002479de80000, 0x000002479e0f0000, 0x000002479e530000]
 total_blobs=8754 nmethods=8138 adapters=542
 compilation: enabled
              stopped_count=0, restarted_count=0
 full_count=0

Compilation events (20 events):
Event: 5883.161 Thread 0x00000247b45ee890 nmethod 8135 0x000002479f225b10 code [0x000002479f225cc0, 0x000002479f225dd8]
Event: 5885.284 Thread 0x00000247b45ee890 8137       1       java.lang.StackTraceElement::getMethodName (5 bytes)
Event: 5885.284 Thread 0x00000247b45ee890 nmethod 8137 0x000002479f225e90 code [0x000002479f226020, 0x000002479f2260f8]
Event: 5885.307 Thread 0x00000247b45ee890 8138       1       org.apache.catalina.webresources.AbstractResourceSet::getRoot (5 bytes)
Event: 5885.307 Thread 0x00000247b45ee890 nmethod 8138 0x000002479f226190 code [0x000002479f226320, 0x000002479f2263f8]
Event: 5885.345 Thread 0x00000247b45ee890 8139       1       java.lang.ThreadGroup::checkAccess (14 bytes)
Event: 5885.345 Thread 0x00000247b45ee890 nmethod 8139 0x000002479f226490 code [0x000002479f226640, 0x000002479f226748]
Event: 5885.348 Thread 0x00000247b45ee890 8140       1       org.springframework.context.support.AbstractApplicationContext::containsBeanDefinition (11 bytes)
Event: 5885.348 Thread 0x00000247b45ee890 nmethod 8140 0x000002479f226810 code [0x000002479f2269e0, 0x000002479f226c08]
Event: 5885.383 Thread 0x00000247b45ee890 8141       1       org.springframework.boot.context.properties.bind.Bindable$$Lambda$289/0x0000000100251440::get (8 bytes)
Event: 5885.383 Thread 0x00000247b45ee890 nmethod 8141 0x000002479f226d90 code [0x000002479f226f20, 0x000002479f226ff8]
Event: 5885.383 Thread 0x00000247b45ee890 8142       1       org.springframework.boot.context.properties.bind.Bindable::lambda$withExistingValue$1 (2 bytes)
Event: 5885.383 Thread 0x00000247b45ee890 nmethod 8142 0x000002479f227090 code [0x000002479f227220, 0x000002479f2272d8]
Event: 5885.401 Thread 0x00000247b45ee890 8143       1       java.security.DrbgParameters$NextBytes::getStrength (5 bytes)
Event: 5885.401 Thread 0x00000247b45ee890 nmethod 8143 0x000002479f227390 code [0x000002479f227520, 0x000002479f2275f8]
Event: 5885.401 Thread 0x00000247b45ee890 8145       1       org.hibernate.type.descriptor.sql.SqlTypeDescriptorRegistry::addDescriptorInternal (19 bytes)
Event: 5885.402 Thread 0x00000247b45ee890 nmethod 8145 0x000002479f227690 code [0x000002479f227840, 0x000002479f227a18]
Event: 5885.402 Thread 0x00000247b45ee890 8144       1       java.security.DrbgParameters$NextBytes::getPredictionResistance (5 bytes)
Event: 5885.402 Thread 0x00000247b45ee890 nmethod 8144 0x000002479f227b90 code [0x000002479f227d20, 0x000002479f227df8]
Event: 5885.415 Thread 0x00000247b45ee890 8146       1       java.util.regex.Pattern::range (294 bytes)

GC Heap History (20 events):
Event: 5882.561 GC heap after
{Heap after GC invocations=54 (full 8):
 garbage-first heap   total 78848K, used 23180K [0x0000000082200000, 0x0000000100000000)
  region size 1024K, 1 young (1024K), 1 survivors (1024K)
 Metaspace       used 65520K, committed 66304K, reserved 1114112K
  class space    used 8648K, committed 8960K, reserved 1048576K
}
Event: 5882.615 GC heap before
{Heap before GC invocations=54 (full 8):
 garbage-first heap   total 78848K, used 24204K [0x0000000082200000, 0x0000000100000000)
  region size 1024K, 3 young (3072K), 1 survivors (1024K)
 Metaspace       used 65529K, committed 66304K, reserved 1114112K
  class space    used 8650K, committed 8960K, reserved 1048576K
}
Event: 5882.617 GC heap after
{Heap after GC invocations=55 (full 8):
 garbage-first heap   total 78848K, used 23387K [0x0000000082200000, 0x0000000100000000)
  region size 1024K, 1 young (1024K), 1 survivors (1024K)
 Metaspace       used 65529K, committed 66304K, reserved 1114112K
  class space    used 8650K, committed 8960K, reserved 1048576K
}
Event: 5882.689 GC heap before
{Heap before GC invocations=55 (full 8):
 garbage-first heap   total 78848K, used 25435K [0x0000000082200000, 0x0000000100000000)
  region size 1024K, 3 young (3072K), 1 survivors (1024K)
 Metaspace       used 65529K, committed 66304K, reserved 1114112K
  class space    used 8650K, committed 8960K, reserved 1048576K
}
Event: 5882.730 GC heap after
{Heap after GC invocations=56 (full 8):
 garbage-first heap   total 102400K, used 23392K [0x0000000082200000, 0x0000000100000000)
  region size 1024K, 1 young (1024K), 1 survivors (1024K)
 Metaspace       used 65529K, committed 66304K, reserved 1114112K
  class space    used 8650K, committed 8960K, reserved 1048576K
}
Event: 5882.840 GC heap before
{Heap before GC invocations=56 (full 8):
 garbage-first heap   total 102400K, used 27488K [0x0000000082200000, 0x0000000100000000)
  region size 1024K, 5 young (5120K), 1 survivors (1024K)
 Metaspace       used 65529K, committed 66304K, reserved 1114112K
  class space    used 8650K, committed 8960K, reserved 1048576K
}
Event: 5882.842 GC heap after
{Heap after GC invocations=57 (full 8):
 garbage-first heap   total 102400K, used 23609K [0x0000000082200000, 0x0000000100000000)
  region size 1024K, 1 young (1024K), 1 survivors (1024K)
 Metaspace       used 65529K, committed 66304K, reserved 1114112K
  class space    used 8650K, committed 8960K, reserved 1048576K
}
Event: 5883.023 GC heap before
{Heap before GC invocations=57 (full 8):
 garbage-first heap   total 102400K, used 29753K [0x0000000082200000, 0x0000000100000000)
  region size 1024K, 7 young (7168K), 1 survivors (1024K)
 Metaspace       used 65535K, committed 66304K, reserved 1114112K
  class space    used 8651K, committed 8960K, reserved 1048576K
}
Event: 5883.026 GC heap after
{Heap after GC invocations=58 (full 8):
 garbage-first heap   total 102400K, used 24126K [0x0000000082200000, 0x0000000100000000)
  region size 1024K, 1 young (1024K), 1 survivors (1024K)
 Metaspace       used 65535K, committed 66304K, reserved 1114112K
  class space    used 8651K, committed 8960K, reserved 1048576K
}
Event: 5883.166 GC heap before
{Heap before GC invocations=58 (full 8):
 garbage-first heap   total 102400K, used 30270K [0x0000000082200000, 0x0000000100000000)
  region size 1024K, 8 young (8192K), 1 survivors (1024K)
 Metaspace       used 65544K, committed 66304K, reserved 1114112K
  class space    used 8652K, committed 8960K, reserved 1048576K
}
Event: 5883.174 GC heap after
{Heap after GC invocations=59 (full 8):
 garbage-first heap   total 102400K, used 24727K [0x0000000082200000, 0x0000000100000000)
  region size 1024K, 1 young (1024K), 1 survivors (1024K)
 Metaspace       used 65544K, committed 66304K, reserved 1114112K
  class space    used 8652K, committed 8960K, reserved 1048576K
}
Event: 5883.177 GC heap before
{Heap before GC invocations=59 (full 8):
 garbage-first heap   total 102400K, used 32919K [0x0000000082200000, 0x0000000100000000)
  region size 1024K, 10 young (10240K), 1 survivors (1024K)
 Metaspace       used 65544K, committed 66304K, reserved 1114112K
  class space    used 8652K, committed 8960K, reserved 1048576K
}
Event: 5885.203 GC heap after
{Heap after GC invocations=60 (full 8):
 garbage-first heap   total 204800K, used 24823K [0x0000000082200000, 0x0000000100000000)
  region size 1024K, 2 young (2048K), 2 survivors (2048K)
 Metaspace       used 65544K, committed 66304K, reserved 1114112K
  class space    used 8652K, committed 8960K, reserved 1048576K
}
Event: 5885.211 GC heap before
{Heap before GC invocations=60 (full 8):
 garbage-first heap   total 204800K, used 31991K [0x0000000082200000, 0x0000000100000000)
  region size 1024K, 10 young (10240K), 2 survivors (2048K)
 Metaspace       used 65544K, committed 66304K, reserved 1114112K
  class space    used 8652K, committed 8960K, reserved 1048576K
}
Event: 5885.232 GC heap after
{Heap after GC invocations=61 (full 8):
 garbage-first heap   total 204800K, used 24889K [0x0000000082200000, 0x0000000100000000)
  region size 1024K, 1 young (1024K), 1 survivors (1024K)
 Metaspace       used 65544K, committed 66304K, reserved 1114112K
  class space    used 8652K, committed 8960K, reserved 1048576K
}
Event: 5885.235 GC heap before
{Heap before GC invocations=61 (full 8):
 garbage-first heap   total 204800K, used 33081K [0x0000000082200000, 0x0000000100000000)
  region size 1024K, 10 young (10240K), 1 survivors (1024K)
 Metaspace       used 65544K, committed 66304K, reserved 1114112K
  class space    used 8652K, committed 8960K, reserved 1048576K
}
Event: 5885.238 GC heap after
{Heap after GC invocations=62 (full 8):
 garbage-first heap   total 204800K, used 24830K [0x0000000082200000, 0x0000000100000000)
  region size 1024K, 1 young (1024K), 1 survivors (1024K)
 Metaspace       used 65544K, committed 66304K, reserved 1114112K
  class space    used 8652K, committed 8960K, reserved 1048576K
}
Event: 5885.249 GC heap before
{Heap before GC invocations=62 (full 8):
 garbage-first heap   total 204800K, used 33022K [0x0000000082200000, 0x0000000100000000)
  region size 1024K, 10 young (10240K), 1 survivors (1024K)
 Metaspace       used 65544K, committed 66304K, reserved 1114112K
  class space    used 8652K, committed 8960K, reserved 1048576K
}
Event: 5885.251 GC heap after
{Heap after GC invocations=63 (full 8):
 garbage-first heap   total 204800K, used 24798K [0x0000000082200000, 0x0000000100000000)
  region size 1024K, 1 young (1024K), 1 survivors (1024K)
 Metaspace       used 65544K, committed 66304K, reserved 1114112K
  class space    used 8652K, committed 8960K, reserved 1048576K
}
Event: 5885.416 GC heap before
{Heap before GC invocations=63 (full 8):
 garbage-first heap   total 204800K, used 32990K [0x0000000082200000, 0x0000000100000000)
  region size 1024K, 10 young (10240K), 1 survivors (1024K)
 Metaspace       used 65544K, committed 66304K, reserved 1114112K
  class space    used 8652K, committed 8960K, reserved 1048576K
}

Deoptimization events (4 events):
Event: 4.302 Thread 0x00000247b5b17a20 DEOPT PACKING pc=0x000002479e81c63c sp=0x000000947cbfca30
Event: 4.302 Thread 0x00000247b5b17a20 DEOPT UNPACKING pc=0x000002479decdece sp=0x000000947cbfbf88 mode 0
Event: 9.389 Thread 0x00000247b5b17a20 DEOPT PACKING pc=0x000002479e81266a sp=0x000000947cbfd0a0
Event: 9.389 Thread 0x00000247b5b17a20 DEOPT UNPACKING pc=0x000002479decdece sp=0x000000947cbfc5a8 mode 3

Classes unloaded (20 events):
Event: 4053.892 Thread 0x00000247b45a1820 Unloading class 0x00000001008c0800 'org/apache/catalina/loader/JdbcLeakPrevention'
Event: 4735.311 Thread 0x00000247b45a1820 Unloading class 0x00000001008d8400 'jdk/internal/reflect/GeneratedSerializationConstructorAccessor26'
Event: 4735.311 Thread 0x00000247b45a1820 Unloading class 0x00000001008d4000 'org/apache/catalina/loader/JdbcLeakPrevention'
Event: 5881.249 Thread 0x00000247b45a1820 Unloading class 0x00000001008e4400 'jdk/internal/reflect/GeneratedSerializationConstructorAccessor27'
Event: 5881.250 Thread 0x00000247b45a1820 Unloading class 0x00000001008d9c00 'org/apache/catalina/loader/JdbcLeakPrevention'
Event: 5881.251 Thread 0x00000247b45a1820 Unloading class 0x000000010082d3d8 'com/formacionspring/app/apirest/service/ClienteServiceImpl$$EnhancerBySpringCGLIB$$a68b136a$$FastClassBySpringCGLIB$$f3ce95d8'
Event: 5881.251 Thread 0x00000247b45a1820 Unloading class 0x000000010082ad28 'com/formacionspring/app/apirest/service/ClienteServiceImpl$$FastClassBySpringCGLIB$$832dbaed'
Event: 5881.252 Thread 0x00000247b45a1820 Unloading class 0x000000010082d010 'com/formacionspring/app/apirest/service/ClienteServiceImpl$$EnhancerBySpringCGLIB$$a68b136a'
Event: 5881.253 Thread 0x00000247b45a1820 Unloading class 0x000000010082cc78 'jdk/proxy6/$Proxy121'
Event: 5881.254 Thread 0x00000247b45a1820 Unloading class 0x000000010082a9e8 'jdk/proxy6/$Proxy120'
Event: 5881.254 Thread 0x00000247b45a1820 Unloading class 0x000000010082c000 'jdk/proxy6/$Proxy119'
Event: 5881.255 Thread 0x00000247b45a1820 Unloading class 0x000000010082a4f0 'jdk/proxy6/$Proxy118'
Event: 5881.255 Thread 0x00000247b45a1820 Unloading class 0x000000010082a230 'com/formacionspring/app/apirest/entity/Cliente$HibernateProxy$fOWR2aI6'
Event: 5881.255 Thread 0x00000247b45a1820 Unloading class 0x000000010082a000 'com/formacionspring/app/apirest/ApiRestSpringApplication$$EnhancerBySpringCGLIB$$1b5c71d7'
Event: 5881.255 Thread 0x00000247b45a1820 Unloading class 0x0000000100829450 'com/formacionspring/app/apirest/entity/Cliente'
Event: 5881.255 Thread 0x00000247b45a1820 Unloading class 0x0000000100829258 'com/formacionspring/app/apirest/dao/ClienteDao'
Event: 5881.255 Thread 0x00000247b45a1820 Unloading class 0x0000000100829000 'com/formacionspring/app/apirest/service/ClienteServiceImpl'
Event: 5881.255 Thread 0x00000247b45a1820 Unloading class 0x0000000100814430 'com/formacionspring/app/apirest/service/ClienteService'
Event: 5881.255 Thread 0x00000247b45a1820 Unloading class 0x0000000100814200 'com/formacionspring/app/apirest/controllers/ClienteController'
Event: 5881.255 Thread 0x00000247b45a1820 Unloading class 0x0000000100814000 'com/formacionspring/app/apirest/ApiRestSpringApplication'

Classes redefined (0 events):
No events

Internal exceptions (20 events):
Event: 4735.939 Thread 0x00000247b9e33050 Exception <a 'java/io/FileNotFoundException'{0x0000000085492c48}> (0x0000000085492c48) 
thrown [t:\workspace\open\src\hotspot\share\prims\jni.cpp, line 579]
Event: 4735.967 Thread 0x00000247b9e33050 Exception <a 'java/io/FileNotFoundException'{0x00000000852b91a0}> (0x00000000852b91a0) 
thrown [t:\workspace\open\src\hotspot\share\prims\jni.cpp, line 579]
Event: 4736.259 Thread 0x00000247b9e33050 Exception <a 'java/lang/ClassNotFoundException'{0x0000000086d596c0}: java/lang/ObjectCustomizer> (0x0000000086d596c0) 
thrown [t:\workspace\open\src\hotspot\share\classfile\systemDictionary.cpp, line 256]
Event: 4736.260 Thread 0x00000247b9e33050 Exception <a 'java/lang/ClassNotFoundException'{0x0000000086d64a80}: com/formacionspring/app/apirest/entity/ClienteCustomizer> (0x0000000086d64a80) 
thrown [t:\workspace\open\src\hotspot\share\classfile\systemDictionary.cpp, line 256]
Event: 4753.443 Thread 0x00000247b9e35580 Exception <a 'java/lang/ClassNotFoundException'{0x0000000085e9e380}: java/lang/ObjectCustomizer> (0x0000000085e9e380) 
thrown [t:\workspace\open\src\hotspot\share\classfile\systemDictionary.cpp, line 256]
Event: 4753.445 Thread 0x00000247b9e35580 Exception <a 'java/lang/ClassNotFoundException'{0x0000000085eaba48}: com/formacionspring/app/apirest/entity/ClienteCustomizer> (0x0000000085eaba48) 
thrown [t:\workspace\open\src\hotspot\share\classfile\systemDictionary.cpp, line 256]
Event: 4763.070 Thread 0x00000247b9e33050 Exception <a 'java/lang/reflect/InvocationTargetException'{0x0000000085d34138}> (0x0000000085d34138) 
thrown [t:\workspace\open\src\hotspot\share\runtime\reflection.cpp, line 1157]
Event: 5880.609 Thread 0x00000247b9e33af0 Exception <a 'java/lang/InterruptedException'{0x0000000086ce6678}: sleep interrupted> (0x0000000086ce6678) 
thrown [t:\workspace\open\src\hotspot\share\prims\jvm.cpp, line 3305]
Event: 5882.312 Thread 0x00000247b9e35580 Exception <a 'java/io/FileNotFoundException'{0x0000000086ea7438}> (0x0000000086ea7438) 
thrown [t:\workspace\open\src\hotspot\share\prims\jni.cpp, line 579]
Event: 5883.047 Thread 0x00000247b9e35580 Exception <a 'java/lang/NoClassDefFoundError'{0x00000000885b9568}: org/flywaydb/core/Flyway> (0x00000000885b9568) 
thrown [t:\workspace\open\src\hotspot\share\oops\constantPool.cpp, line 809]
Event: 5883.047 Thread 0x00000247b9e35580 Exception <a 'java/lang/NoClassDefFoundError'{0x00000000885b9890}: liquibase/integration/spring/SpringLiquibase> (0x00000000885b9890) 
thrown [t:\workspace\open\src\hotspot\share\oops\constantPool.cpp, line 809]
Event: 5883.056 Thread 0x00000247b9e35580 Exception <a 'java/lang/NoClassDefFoundError'{0x0000000088404260}: org/jooq/DSLContext> (0x0000000088404260) 
thrown [t:\workspace\open\src\hotspot\share\oops\constantPool.cpp, line 809]
Event: 5883.057 Thread 0x00000247b9e35580 Exception <a 'java/lang/NoClassDefFoundError'{0x000000008840d940}: org/springframework/batch/core/repository/JobRepository> (0x000000008840d940) 
thrown [t:\workspace\open\src\hotspot\share\oops\constantPool.cpp, line 809]
Event: 5883.057 Thread 0x00000247b9e35580 Exception <a 'java/lang/NoClassDefFoundError'{0x000000008840dc78}: org/quartz/Scheduler> (0x000000008840dc78) 
thrown [t:\workspace\open\src\hotspot\share\oops\constantPool.cpp, line 809]
Event: 5883.057 Thread 0x00000247b9e35580 Exception <a 'java/lang/NoClassDefFoundError'{0x000000008840dfb0}: org/springframework/session/jdbc/JdbcIndexedSessionRepository> (0x000000008840dfb0) 
thrown [t:\workspace\open\src\hotspot\share\oops\constantPool.cpp, line 809]
Event: 5885.278 Thread 0x00000247b9e35580 Exception <a 'sun/nio/fs/WindowsException'{0x000000008e76bda8}> (0x000000008e76bda8) 
thrown [t:\workspace\open\src\hotspot\share\prims\jni.cpp, line 579]
Event: 5885.279 Thread 0x00000247b9e35580 Exception <a 'sun/nio/fs/WindowsException'{0x000000008e76c3b0}> (0x000000008e76c3b0) 
thrown [t:\workspace\open\src\hotspot\share\prims\jni.cpp, line 579]
Event: 5885.282 Thread 0x00000247b9e35580 Exception <a 'sun/nio/fs/WindowsException'{0x000000008e7704f8}> (0x000000008e7704f8) 
thrown [t:\workspace\open\src\hotspot\share\prims\jni.cpp, line 579]
Event: 5885.315 Thread 0x00000247b9e35580 Exception <a 'java/io/FileNotFoundException'{0x000000008e7a1bb0}> (0x000000008e7a1bb0) 
thrown [t:\workspace\open\src\hotspot\share\prims\jni.cpp, line 579]
Event: 5885.344 Thread 0x00000247b9e35580 Exception <a 'java/io/FileNotFoundException'{0x000000008e5c84c8}> (0x000000008e5c84c8) 
thrown [t:\workspace\open\src\hotspot\share\prims\jni.cpp, line 579]

Events (20 events):
Event: 5882.689 Executing  VM operation: G1CollectForAllocation
Event: 5882.730 Executing  VM operation: G1CollectForAllocation done
Event: 5882.840 Executing  VM operation: G1CollectForAllocation
Event: 5882.842 Executing  VM operation: G1CollectForAllocation done
Event: 5883.023 Executing  VM operation: G1CollectForAllocation
Event: 5883.026 Executing  VM operation: G1CollectForAllocation done
Event: 5883.165 Executing  VM operation: G1CollectForAllocation
Event: 5883.174 Executing  VM operation: G1CollectForAllocation done
Event: 5883.177 Executing  VM operation: G1CollectForAllocation
Event: 5885.203 Executing  VM operation: G1CollectForAllocation done
Event: 5885.211 Executing  VM operation: G1CollectForAllocation
Event: 5885.232 Executing  VM operation: G1CollectForAllocation done
Event: 5885.235 Executing  VM operation: G1CollectForAllocation
Event: 5885.238 Executing  VM operation: G1CollectForAllocation done
Event: 5885.249 Executing  VM operation: G1CollectForAllocation
Event: 5885.251 Executing  VM operation: G1CollectForAllocation done
Event: 5885.345 Thread 0x00000247b9e35ad0 Thread added: 0x00000247b9e35ad0
Event: 5885.345 Thread 0x00000247b9e36020 Thread added: 0x00000247b9e36020
Event: 5885.345 Thread 0x00000247b9e33af0 Thread added: 0x00000247b9e33af0
Event: 5885.415 Executing  VM operation: G1CollectForAllocation


Dynamic libraries:
0x00007ff661a40000 - 0x00007ff661a4e000 	C:\Users\dell\.p2\pool\plugins\org.eclipse.justj.openjdk.hotspot.jre.full.win32.x86_64_16.0.2.v20210721-1149\jre\bin\javaw.exe
0x00007ff84b0f0000 - 0x00007ff84b2e5000 	C:\WINDOWS\SYSTEM32\ntdll.dll
0x00007ff849130000 - 0x00007ff8491ee000 	C:\WINDOWS\System32\KERNEL32.DLL
0x00007ff848c50000 - 0x00007ff848f18000 	C:\WINDOWS\System32\KERNELBASE.dll
0x00007ff848800000 - 0x00007ff848900000 	C:\WINDOWS\System32\ucrtbase.dll
0x00007ff842720000 - 0x00007ff842739000 	C:\Users\dell\.p2\pool\plugins\org.eclipse.justj.openjdk.hotspot.jre.full.win32.x86_64_16.0.2.v20210721-1149\jre\bin\VCRUNTIME140.dll
0x00007ff842740000 - 0x00007ff842758000 	C:\Users\dell\.p2\pool\plugins\org.eclipse.justj.openjdk.hotspot.jre.full.win32.x86_64_16.0.2.v20210721-1149\jre\bin\jli.dll
0x00007ff84af00000 - 0x00007ff84b0a1000 	C:\WINDOWS\System32\USER32.dll
0x00007ff848c20000 - 0x00007ff848c42000 	C:\WINDOWS\System32\win32u.dll
0x00007ff84a2e0000 - 0x00007ff84a30b000 	C:\WINDOWS\System32\GDI32.dll
0x00007ff848900000 - 0x00007ff848a0d000 	C:\WINDOWS\System32\gdi32full.dll
0x00007ff849030000 - 0x00007ff8490cd000 	C:\WINDOWS\System32\msvcp_win.dll
0x00007ff835190000 - 0x00007ff83542a000 	C:\WINDOWS\WinSxS\amd64_microsoft.windows.common-controls_6595b64144ccf1df_6.0.19041.1110_none_60b5254171f9507e\COMCTL32.dll
0x00007ff84aad0000 - 0x00007ff84ab6e000 	C:\WINDOWS\System32\msvcrt.dll
0x00007ff849250000 - 0x00007ff849280000 	C:\WINDOWS\System32\IMM32.DLL
0x00007ff840280000 - 0x00007ff84028c000 	C:\Users\dell\.p2\pool\plugins\org.eclipse.justj.openjdk.hotspot.jre.full.win32.x86_64_16.0.2.v20210721-1149\jre\bin\vcruntime140_1.dll
0x00007ff813a70000 - 0x00007ff813b01000 	C:\Users\dell\.p2\pool\plugins\org.eclipse.justj.openjdk.hotspot.jre.full.win32.x86_64_16.0.2.v20210721-1149\jre\bin\msvcp140.dll
0x00007fffde3e0000 - 0x00007fffdef8b000 	C:\Users\dell\.p2\pool\plugins\org.eclipse.justj.openjdk.hotspot.jre.full.win32.x86_64_16.0.2.v20210721-1149\jre\bin\server\jvm.dll
0x00007ff84ae50000 - 0x00007ff84aefe000 	C:\WINDOWS\System32\ADVAPI32.dll
0x00007ff84a240000 - 0x00007ff84a2dc000 	C:\WINDOWS\System32\sechost.dll
0x00007ff8497c0000 - 0x00007ff8498e5000 	C:\WINDOWS\System32\RPCRT4.dll
0x00007ff849e70000 - 0x00007ff849e78000 	C:\WINDOWS\System32\PSAPI.DLL
0x00007ff843f00000 - 0x00007ff843f09000 	C:\WINDOWS\SYSTEM32\WSOCK32.dll
0x00007ff84aa60000 - 0x00007ff84aacb000 	C:\WINDOWS\System32\WS2_32.dll
0x00007ff834670000 - 0x00007ff834697000 	C:\WINDOWS\SYSTEM32\WINMM.dll
0x00007ff835530000 - 0x00007ff83553a000 	C:\WINDOWS\SYSTEM32\VERSION.dll
0x00007ff847070000 - 0x00007ff847082000 	C:\WINDOWS\SYSTEM32\kernel.appcore.dll
0x00007ff843e40000 - 0x00007ff843e4a000 	C:\Users\dell\.p2\pool\plugins\org.eclipse.justj.openjdk.hotspot.jre.full.win32.x86_64_16.0.2.v20210721-1149\jre\bin\jimage.dll
0x00007ff845f80000 - 0x00007ff846164000 	C:\WINDOWS\SYSTEM32\DBGHELP.DLL
0x00007ff82fcd0000 - 0x00007ff82fcfc000 	C:\WINDOWS\SYSTEM32\dbgcore.DLL
0x00007ff848fa0000 - 0x00007ff849022000 	C:\WINDOWS\System32\bcryptPrimitives.dll
0x00007ff82f2c0000 - 0x00007ff82f2e5000 	C:\Users\dell\.p2\pool\plugins\org.eclipse.justj.openjdk.hotspot.jre.full.win32.x86_64_16.0.2.v20210721-1149\jre\bin\java.dll
0x00007ff8422b0000 - 0x00007ff8422c8000 	C:\Users\dell\.p2\pool\plugins\org.eclipse.justj.openjdk.hotspot.jre.full.win32.x86_64_16.0.2.v20210721-1149\jre\bin\zip.dll
0x00007ff84a310000 - 0x00007ff84aa54000 	C:\WINDOWS\System32\SHELL32.dll
0x00007ff8468d0000 - 0x00007ff847065000 	C:\WINDOWS\SYSTEM32\windows.storage.dll
0x00007ff849ee0000 - 0x00007ff84a235000 	C:\WINDOWS\System32\combase.dll
0x00007ff848180000 - 0x00007ff8481ae000 	C:\WINDOWS\SYSTEM32\Wldp.dll
0x00007ff849710000 - 0x00007ff8497bd000 	C:\WINDOWS\System32\SHCORE.dll
0x00007ff849ab0000 - 0x00007ff849b05000 	C:\WINDOWS\System32\shlwapi.dll
0x00007ff848740000 - 0x00007ff84875f000 	C:\WINDOWS\SYSTEM32\profapi.dll
0x00007ff840130000 - 0x00007ff840149000 	C:\Users\dell\.p2\pool\plugins\org.eclipse.justj.openjdk.hotspot.jre.full.win32.x86_64_16.0.2.v20210721-1149\jre\bin\net.dll
0x00007ff837780000 - 0x00007ff83788c000 	C:\WINDOWS\SYSTEM32\WINHTTP.dll
0x00007ff847ee0000 - 0x00007ff847f4a000 	C:\WINDOWS\system32\mswsock.dll
0x00007ff8382b0000 - 0x00007ff8382c3000 	C:\Users\dell\.p2\pool\plugins\org.eclipse.justj.openjdk.hotspot.jre.full.win32.x86_64_16.0.2.v20210721-1149\jre\bin\nio.dll
0x00007ff840250000 - 0x00007ff840259000 	C:\Users\dell\.p2\pool\plugins\org.eclipse.justj.openjdk.hotspot.jre.full.win32.x86_64_16.0.2.v20210721-1149\jre\bin\management.dll
0x00007ff838850000 - 0x00007ff83885b000 	C:\Users\dell\.p2\pool\plugins\org.eclipse.justj.openjdk.hotspot.jre.full.win32.x86_64_16.0.2.v20210721-1149\jre\bin\management_ext.dll
0x00007ff831ba0000 - 0x00007ff831bb7000 	C:\WINDOWS\system32\napinsp.dll
0x00007ff82bcc0000 - 0x00007ff82bcdb000 	C:\WINDOWS\system32\pnrpnsp.dll
0x00007ff8432f0000 - 0x00007ff843305000 	C:\WINDOWS\system32\wshbth.dll
0x00007ff843c40000 - 0x00007ff843c5d000 	C:\WINDOWS\system32\NLAapi.dll
0x00007ff847bd0000 - 0x00007ff847c0b000 	C:\WINDOWS\SYSTEM32\IPHLPAPI.DLL
0x00007ff847c10000 - 0x00007ff847cdb000 	C:\WINDOWS\SYSTEM32\DNSAPI.dll
0x00007ff849700000 - 0x00007ff849708000 	C:\WINDOWS\System32\NSI.dll
0x00007ff822690000 - 0x00007ff8226a2000 	C:\WINDOWS\System32\winrnr.dll
0x00007ff835f00000 - 0x00007ff835f0a000 	C:\Windows\System32\rasadhlp.dll
0x00007ff836090000 - 0x00007ff83610f000 	C:\WINDOWS\System32\fwpuclnt.dll
0x00007ff848f20000 - 0x00007ff848f47000 	C:\WINDOWS\System32\bcrypt.dll
0x00007ff8480d0000 - 0x00007ff8480e8000 	C:\WINDOWS\SYSTEM32\CRYPTSP.dll
0x00007ff847860000 - 0x00007ff847894000 	C:\WINDOWS\system32\rsaenh.dll
0x00007ff848700000 - 0x00007ff84872e000 	C:\WINDOWS\SYSTEM32\USERENV.dll
0x00007ff8480f0000 - 0x00007ff8480fc000 	C:\WINDOWS\SYSTEM32\CRYPTBASE.dll
0x00007ff83cff0000 - 0x00007ff83d007000 	C:\WINDOWS\SYSTEM32\dhcpcsvc6.DLL
0x00007ff83d460000 - 0x00007ff83d47d000 	C:\WINDOWS\SYSTEM32\dhcpcsvc.DLL
0x00007ff843e10000 - 0x00007ff843e20000 	C:\Users\dell\.p2\pool\plugins\org.eclipse.justj.openjdk.hotspot.jre.full.win32.x86_64_16.0.2.v20210721-1149\jre\bin\verify.dll
0x00007ff844040000 - 0x00007ff84404e000 	C:\Users\dell\.p2\pool\plugins\org.eclipse.justj.openjdk.hotspot.jre.full.win32.x86_64_16.0.2.v20210721-1149\jre\bin\sunmscapi.dll
0x00007ff848ac0000 - 0x00007ff848c16000 	C:\WINDOWS\System32\CRYPT32.dll
0x00007ff8481f0000 - 0x00007ff848217000 	C:\WINDOWS\SYSTEM32\ncrypt.dll
0x00007ff8481b0000 - 0x00007ff8481eb000 	C:\WINDOWS\SYSTEM32\NTASN1.dll
0x00007ff843de0000 - 0x00007ff843de7000 	C:\WINDOWS\system32\wshunix.dll

dbghelp: loaded successfully - version: 4.0.5 - missing functions: none
symbol engine: initialized successfully - sym options: 0x614 - pdb path: .;C:\Users\dell\.p2\pool\plugins\org.eclipse.justj.openjdk.hotspot.jre.full.win32.x86_64_16.0.2.v20210721-1149\jre\bin;C:\WINDOWS\SYSTEM32;C:\WINDOWS\WinSxS\amd64_microsoft.windows.common-controls_6595b64144ccf1df_6.0.19041.1110_none_60b5254171f9507e;C:\Users\dell\.p2\pool\plugins\org.eclipse.justj.openjdk.hotspot.jre.full.win32.x86_64_16.0.2.v20210721-1149\jre\bin\server

VM Arguments:
jvm_args: -Dcom.sun.management.jmxremote -Dcom.sun.management.jmxremote.port=57970 -Dcom.sun.management.jmxremote.authenticate=false -Dcom.sun.management.jmxremote.ssl=false -Djava.rmi.server.hostname=localhost -Dspring.jmx.enabled=true -Dspring.application.admin.enabled=true -XX:TieredStopAtLevel=1 -Dspring.boot.project.name=api-rest-spring -Dfile.encoding=UTF-8 -XX:+ShowCodeDetailsInExceptionMessages 
java_command: com.formacionspring.app.apirest.ApiRestSpringApplication
java_class_path (initial): C:\Users\dell\git\repository3\api-rest-spring\target\classes;C:\Users\dell\.m2\repository\org\springframework\boot\spring-boot-starter-data-jpa\2.6.3\spring-boot-starter-data-jpa-2.6.3.jar;C:\Users\dell\.m2\repository\org\springframework\boot\spring-boot-starter-aop\2.6.3\spring-boot-starter-aop-2.6.3.jar;C:\Users\dell\.m2\repository\org\springframework\spring-aop\5.3.15\spring-aop-5.3.15.jar;C:\Users\dell\.m2\repository\org\aspectj\aspectjweaver\1.9.7\aspectjweaver-1.9.7.jar;C:\Users\dell\.m2\repository\org\springframework\boot\spring-boot-starter-jdbc\2.6.3\spring-boot-starter-jdbc-2.6.3.jar;C:\Users\dell\.m2\repository\com\zaxxer\HikariCP\4.0.3\HikariCP-4.0.3.jar;C:\Users\dell\.m2\repository\org\springframework\spring-jdbc\5.3.15\spring-jdbc-5.3.15.jar;C:\Users\dell\.m2\repository\jakarta\transaction\jakarta.transaction-api\1.3.3\jakarta.transaction-api-1.3.3.jar;C:\Users\dell\.m2\repository\jakarta\persistence\jakarta.persistence-api\2.2.3\jakarta.persistence-api-2.2.3.jar;C:\Users\dell\.m2\repository\org\hibernate\hibernate-core\5.6.4.Final\hibernate-core-5.6.4.Final.jar;C:\Users\dell\.m2\repository\org\jboss\logging\jboss-logging\3.4.3.Final\jboss-logging-3.4.3.Final.jar;C:\Users\dell\.m2\repository\net\bytebuddy\byte-buddy\1.11.22\byte-buddy-1.11.22.jar;C:\Users\dell\.m2\repository\antlr\antlr\2.7.7\antlr-2.7.7.jar;C:\Users\dell\.m2\repository\org\jboss\jandex\2.4.2.Final\jandex-2.4.2.Final.jar;C:\Users\dell\.m2\repository\com\fasterxml\classmate\1.5.1\classmate-1.5.1.jar;C:\Users\dell\.m2\repository\org\hibernate\common\hibernate-commons-annotations\5.1.2.Final\hibernate-commons-annotations-5.1.2.Final.jar;C:\Users\dell\.m2\repository\org\glassfish\jaxb\jaxb-runtime\2.3.5\jaxb-runtime-2.3.5.jar;C:\Users\dell\.m2\repository\org\glassfish\jaxb\txw2\2.3.5\txw2-2.3.5.jar;C:\Users\dell\.m2\repository\com\sun\istack\istack-commons-runtime\3.0.12\istack-commons-runtime-3.0.12.jar;C:\Users\dell\.m2\repository\com\sun\activation\jakarta.a
Launcher Type: SUN_STANDARD

[Global flags]
     intx CICompilerCount                          = 3                                         {product} {ergonomic}
     uint ConcGCThreads                            = 1                                         {product} {ergonomic}
     uint G1ConcRefinementThreads                  = 4                                         {product} {ergonomic}
   size_t G1HeapRegionSize                         = 1048576                                   {product} {ergonomic}
    uintx GCDrainStackTargetSize                   = 64                                        {product} {ergonomic}
   size_t InitialHeapSize                          = 132120576                                 {product} {ergonomic}
     bool ManagementServer                         = true                                      {product} {command line}
   size_t MarkStackSize                            = 4194304                                   {product} {ergonomic}
   size_t MaxHeapSize                              = 2111832064                                {product} {ergonomic}
   size_t MaxNewSize                               = 1266679808                                {product} {ergonomic}
   size_t MinHeapDeltaBytes                        = 1048576                                   {product} {ergonomic}
   size_t MinHeapSize                              = 8388608                                   {product} {ergonomic}
    uintx NonNMethodCodeHeapSize                   = 6973028                                {pd product} {ergonomic}
    uintx NonProfiledCodeHeapSize                  = 244685212                              {pd product} {ergonomic}
    uintx ProfiledCodeHeapSize                     = 0                                      {pd product} {ergonomic}
    uintx ReservedCodeCacheSize                    = 251658240                              {pd product} {ergonomic}
     bool SegmentedCodeCache                       = true                                      {product} {ergonomic}
     bool ShowCodeDetailsInExceptionMessages       = true                                   {manageable} {command line}
   size_t SoftMaxHeapSize                          = 2111832064                             {manageable} {ergonomic}
     intx TieredStopAtLevel                        = 1                                         {product} {command line}
     bool UseCompressedClassPointers               = true                           {product lp64_product} {ergonomic}
     bool UseCompressedOops                        = true                           {product lp64_product} {ergonomic}
     bool UseG1GC                                  = true                                      {product} {ergonomic}
     bool UseLargePagesIndividualAllocation        = false                                  {pd product} {ergonomic}

Logging:
Log output configuration:
 #0: stdout all=warning uptime,level,tags
 #1: stderr all=off uptime,level,tags

Environment Variables:
JAVA_HOME=C:\Program Files\Java\jdk-10.0.2
PATH=C:/Users/dell/.p2/pool/plugins/org.eclipse.justj.openjdk.hotspot.jre.full.win32.x86_64_16.0.2.v20210721-1149/jre/bin/server;C:/Users/dell/.p2/pool/plugins/org.eclipse.justj.openjdk.hotspot.jre.full.win32.x86_64_16.0.2.v20210721-1149/jre/bin;C:\Program Files\Python310\Scripts\;C:\Program Files\Python310\;C:\Program Files (x86)\Common Files\Oracle\Java\javapath;C:\WINDOWS\system32;C:\WINDOWS;C:\WINDOWS\System32\Wbem;C:\WINDOWS\System32\WindowsPowerShell\v1.0\;C:\WINDOWS\System32\OpenSSH\;C:\xampp\php;C:\composer;C:\Program Files\Java\jdk-10.0.2\bin;C:\Users\dell\Documents\apache-maven-3.8.3\bin;C:\Program Files\Git\cmd;C:\Program Files\nodejs\;C:\Program Files\Microsoft SQL Server\150\Tools\Binn\;C:\Program Files\Microsoft SQL Server\Client SDK\ODBC\170\Tools\Binn\;C:\Program Files\dotnet\;C:\Program Files (x86)\Microsoft SQL Server\150\Tools\Binn\;C:\Program Files\Microsoft SQL Server\150\DTS\Binn\;C:\Program Files (x86)\Microsoft SQL Server\150\DTS\Binn\;C:\Program Files\Azure Data Studio\bin;C:\Users\dell\AppData\Local\Microsoft\WindowsApps;C:\Users\dell\AppData\Roaming\Composer\vendor\bin;C:\Users\dell\AppData\Local\Programs\Microsoft VS Code\bin;C:\Users\dell\AppData\Roaming\npm;C:\Users\dell\.dotnet\tools;C:\Program Files\Azure Data Studio\bin;C:\Users\dell\Desktop;
USERNAME=dell
OS=Windows_NT
PROCESSOR_IDENTIFIER=Intel64 Family 6 Model 78 Stepping 3, GenuineIntel



---------------  S Y S T E M  ---------------

OS:
 Windows 10 , 64 bit Build 19041 (10.0.19041.1466)
OS uptime: 11 days 18:56 hours

CPU: total 4 (initial active 4) (2 cores per cpu, 2 threads per core) family 6 model 78 stepping 3 microcode 0xcc, cx8, cmov, fxsr, ht, mmx, 3dnowpref, sse, sse2, sse3, ssse3, sse4.1, sse4.2, popcnt, lzcnt, tsc, tscinvbit, avx, avx2, aes, erms, clmul, bmi1, bmi2, adx, fma, vzeroupper, clflush, clflushopt

Memory: 4k page, system-wide physical 8051M (589M free)
TotalPageFile size 29546M (AvailPageFile size 298M)
current process WorkingSet (physical memory assigned to process): 172M, peak: 204M
current process commit charge ("private bytes"): 372M, peak: 772M

vm_info: OpenJDK 64-Bit Server VM (16.0.2+7-67) for windows-amd64 JRE (16.0.2+7-67), built on Jun  8 2021 23:21:43 by "mach5one" with MS VC++ 16.7 (VS2019)

END.
